<?xml version="1.0" encoding="UTF-8"?>
<testsuite name="edu.au.cc.gallery.AppTest" tests="1" skipped="0" failures="0" errors="0" timestamp="2020-06-10T20:43:58" hostname="ip-172-31-28-213.us-west-1.compute.internal" time="0.001">
  <properties/>
  <testcase name="testAppHasAGreeting" classname="edu.au.cc.gallery.AppTest" time="0.001"/>
  <system-out><![CDATA[]]></system-out>
  <system-err><![CDATA[]]></system-err>
</testsuite>
